<?xml version="1.0" encoding="UTF-8"?>
<!-- Generated by org.testng.reporters.JUnitReportReporter -->
<testsuite hostname="DEV66" failures="0" tests="1" name="playwright.CometElite.SingleRun" time="81.070" errors="0" timestamp="2024-11-12T14:57:59 IST" skipped="0">
  <testcase classname="playwright.CometElite.SingleRun" name="testLoginAndNavigate" time="81.070"/>
</testsuite> <!-- playwright.CometElite.SingleRun -->
